<?xml version="1.0" encoding="UTF-8"?>
<testsuite xmlns:xsi="http://www.w3.org/2001/XMLSchema-instance" xsi:noNamespaceSchemaLocation="https://maven.apache.org/surefire/maven-surefire-plugin/xsd/surefire-test-report-3.0.xsd" version="3.0" name="com.entornos.ProductoTest" time="0.067" tests="10" errors="0" skipped="0" failures="0">
  <properties>
[...]
</properties>
  <testcase name="T06_constructor_precioNegativo_lanzaExcepcion" classname="com.entornos.ProductoTest" time="0.01"/>
  <testcase name="T02_calcularPrecioFinal_digital_parametrizado(double)[1]" classname="com.entornos.ProductoTest" time="0.008"/>
  <testcase name="T02_calcularPrecioFinal_digital_parametrizado(double)[2]" classname="com.entornos.ProductoTest" time="0.002"/>
  <testcase name="T02_calcularPrecioFinal_digital_parametrizado(double)[3]" classname="com.entornos.ProductoTest" time="0.001"/>
  <testcase name="T02_calcularPrecioFinal_digital_parametrizado(double)[4]" classname="com.entornos.ProductoTest" time="0.001"/>
  <testcase name="T01_calcularPrecioFinal_fisico_parametrizado(double, double, double)[1]" classname="com.entornos.ProductoTest" time="0.002"/>
  <testcase name="T01_calcularPrecioFinal_fisico_parametrizado(double, double, double)[2]" classname="com.entornos.ProductoTest" time="0.003"/>
  <testcase name="T01_calcularPrecioFinal_fisico_parametrizado(double, double, double)[3]" classname="com.entornos.ProductoTest" time="0.0"/>
  <testcase name="T01_calcularPrecioFinal_fisico_parametrizado(double, double, double)[4]" classname="com.entornos.ProductoTest" time="0.005"/>
  <testcase name="T01_calcularPrecioFinal_fisico_parametrizado(double, double, double)[5]" classname="com.entornos.ProductoTest" time="0.0"/>
</testsuite>