<?xml version="1.0" encoding="UTF-8"?>
<testsuite xmlns:xsi="http://www.w3.org/2001/XMLSchema-instance" xsi:noNamespaceSchemaLocation="https://maven.apache.org/surefire/maven-surefire-plugin/xsd/surefire-test-report-3.0.xsd" version="3.0" name="com.entornos.PedidoTest" time="0.215" tests="7" errors="0" skipped="0" failures="0">
  <properties>
[...]
</properties>
  <testcase name="T09_agregarProducto_null_lanzaExcepcion" classname="com.entornos.PedidoTest" time="0.008"/>
  <testcase name="T04_agregarProducto_aumentaLista" classname="com.entornos.PedidoTest" time="0.0"/>
  <testcase name="T03_precioTotal_parametrizado(double, double, double, double)[1]" classname="com.entornos.PedidoTest" time="0.043"/>
  <testcase name="T03_precioTotal_parametrizado(double, double, double, double)[2]" classname="com.entornos.PedidoTest" time="0.002"/>
  <testcase name="T03_precioTotal_parametrizado(double, double, double, double)[3]" classname="com.entornos.PedidoTest" time="0.002"/>
  <testcase name="T07_pedido_clienteNull_lanzaExcepcion" classname="com.entornos.PedidoTest" time="0.002"/>
  <testcase name="T10_mostrarResumen_contieneNombreCliente" classname="com.entornos.PedidoTest" time="0.013"/>
</testsuite>